<?xml version="1.0" encoding="UTF-8"?>
<!-- Generated by org.testng.reporters.JUnitReportReporter -->
<testsuite skipped="0" hostname="CHA-PLP41293" name="org.sourcefuse.automationmain.TestCase3" tests="1" failures="0" timestamp="2021-09-08T14:13:05 IST" time="7.539" errors="0">
  <testcase name="testCase2" time="7.539" classname="org.sourcefuse.automationmain.TestCase3"/>
  <system-out/>
</testsuite> <!-- org.sourcefuse.automationmain.TestCase3 -->
