<?xml version="1.0" encoding="UTF-8"?>
<!-- Generated by org.testng.reporters.JUnitReportReporter -->
<testsuite skipped="0" hostname="CHA-PLP41293" name="org.sourcefuse.automationmain.TestCase2" tests="1" failures="0" timestamp="2021-09-08T14:10:16 IST" time="8.756" errors="0">
  <testcase name="testCase2" time="8.756" classname="org.sourcefuse.automationmain.TestCase2"/>
  <system-out/>
</testsuite> <!-- org.sourcefuse.automationmain.TestCase2 -->
